INFO: [SIM 2] *************** CSIM start ***************
INFO: [SIM 4] CSIM will launch CLANG as the compiler.
   Compiling ../../../../tb_ssmu.cpp in debug mode
   Compiling ../../../../linear.cpp in debug mode
   Generating csim.exe
[DUT] delta: start (produce 160)
[DUT] delta: i=0/160
[DUT] delta: i=16/160
[DUT] delta: i=32/160
[DUT] delta: i=48/160
[DUT] delta: i=64/160
[DUT] delta: i=80/160
[DUT] delta: i=96/160
[DUT] delta: i=112/160
[DUT] delta: i=128/160
[DUT] delta: i=144/160
[DUT] B+C: start (produce 5120 each)
[DUT] B+C: i=0/5120
[DUT] B+C: i=512/5120
[DUT] B+C: i=1024/5120
[DUT] B+C: i=1536/5120
[DUT] B+C: i=2048/5120
[DUT] B+C: i=2560/5120
[DUT] B+C: i=3072/5120
[DUT] B+C: i=3584/5120
[DUT] B+C: i=4096/5120
[DUT] B+C: i=4608/5120
[DUT] FUSED: start update/write/acc (N=5120, VEC_D=160, HUGE_LEN=819200)
[DUT] FUSED: i=0/5120
[DUT] FUSED: i=512/5120
[DUT] FUSED: i=1024/5120
[DUT] FUSED: i=1536/5120
[DUT] FUSED: i=2048/5120
[DUT] FUSED: i=2560/5120
[DUT] FUSED: i=3072/5120
[DUT] FUSED: i=3584/5120
[DUT] FUSED: i=4096/5120
[DUT] FUSED: i=4608/5120
[DUT] FUSED: done
[TB] PASS
INFO [HLS SIM]: The maximum depth reached by any hls::stream() instance in the design is 819200
INFO: [SIM 1] CSim done with 0 errors.
INFO: [SIM 3] *************** CSIM finish ***************
