INFO: [SIM 2] *************** CSIM start ***************
INFO: [SIM 4] CSIM will launch CLANG as the compiler.
   Compiling ../../../../linear.cpp in debug mode
   Generating csim.exe
[TB] tb_ssm.cpp linked OK (main() present).
[TB] dbg X_raw[0].lane0=0.065186
[TB] dbg X_normed[0].lane0=-5.906250
[TB] dbg X_for_conv[0].lane0=2.572021
[TB] dbg X_ssm[0].lane0=-0.057129
[DUT] in_proj(linear): start (produce 160)
[DUT] in_proj(linear): i=0/160
[DUT] in_proj(linear): i=16/160
[DUT] in_proj(linear): i=32/160
[DUT] in_proj(linear): i=48/160
[DUT] in_proj(linear): i=64/160
[DUT] in_proj(linear): i=80/160
[DUT] in_proj(linear): i=96/160
[DUT] in_proj(linear): i=112/160
[DUT] in_proj(linear): i=128/160
[DUT] in_proj(linear): i=144/160
[DUT] in_proj(linear): done
[DUT] delta: start (produce 160)
[DUT] delta: i=0/160
[DUT] delta: i=16/160
[DUT] delta: i=32/160
[DUT] delta: i=48/160
[DUT] delta: i=64/160
[DUT] delta: i=80/160
[DUT] delta: i=96/160
[DUT] delta: i=112/160
[DUT] delta: i=128/160
[DUT] delta: i=144/160
[DUT] B+C: start (produce 5120 each)
[DUT] B+C: i=0/5120
[DUT] B+C: i=512/5120
[DUT] B+C: i=1024/5120
[DUT] B+C: i=1536/5120
[DUT] B+C: i=2048/5120
[DUT] B+C: i=2560/5120
[DUT] B+C: i=3072/5120
[DUT] B+C: i=3584/5120
[DUT] B+C: i=4096/5120
[DUT] B+C: i=4608/5120
[DUT] FUSED(Mamba): start update/write/acc (N=5120, VEC_D=160, HUGE_LEN=819200)
[DUT] FUSED(Mamba): i=0/5120
[DUT] FUSED(Mamba): i=512/5120
[DUT] FUSED(Mamba): i=1024/5120
[DUT] FUSED(Mamba): i=1536/5120
[DUT] FUSED(Mamba): i=2048/5120
[DUT] FUSED(Mamba): i=2560/5120
[DUT] FUSED(Mamba): i=3072/5120
[DUT] FUSED(Mamba): i=3584/5120
[DUT] FUSED(Mamba): i=4096/5120
[DUT] FUSED(Mamba): i=4608/5120
[DUT] FUSED(Mamba): done
[DUT] out_proj(linear): start (produce 160)
[DUT] out_proj(linear): i=0/160
[DUT] out_proj(linear): i=16/160
[DUT] out_proj(linear): i=32/160
[DUT] out_proj(linear): i=48/160
[DUT] out_proj(linear): i=64/160
[DUT] out_proj(linear): i=80/160
[DUT] out_proj(linear): i=96/160
[DUT] out_proj(linear): i=112/160
[DUT] out_proj(linear): i=128/160
[DUT] out_proj(linear): i=144/160
[DUT] out_proj(linear): done
[TB] PASS (tc=0)
INFO [HLS SIM]: The maximum depth reached by any hls::stream() instance in the design is 819200
INFO: [SIM 1] CSim done with 0 errors.
INFO: [SIM 3] *************** CSIM finish ***************
